{"C:\\Users\\eduar\\Desktop\\basura\\proyecto-HuertoHogar\\HuertoHogar\\src\\components\\Layout.tsx": {"path":"C:\\Users\\eduar\\Desktop\\basura\\proyecto-HuertoHogar\\HuertoHogar\\src\\components\\Layout.tsx","statementMap":{"0":{"start":{"line":12,"column":32},"end":{"line":12,"column":null}},"1":{"start":{"line":13,"column":8},"end":{"line":13,"column":null}},"2":{"start":{"line":15,"column":2},"end":{"line":32,"column":null}},"3":{"start":{"line":17,"column":4},"end":{"line":30,"column":null}},"4":{"start":{"line":23,"column":40},"end":{"line":23,"column":61}},"5":{"start":{"line":25,"column":42},"end":{"line":25,"column":62}},"6":{"start":{"line":35,"column":2},"end":{"line":43,"column":null}},"7":{"start":{"line":49,"column":82},"end":{"line":49,"column":null}},"8":{"start":{"line":50,"column":8},"end":{"line":50,"column":null}},"9":{"start":{"line":52,"column":2},"end":{"line":101,"column":null}},"10":{"start":{"line":66,"column":14},"end":{"line":76,"column":null}},"11":{"start":{"line":72,"column":86},"end":{"line":72,"column":116}},"12":{"start":{"line":74,"column":86},"end":{"line":74,"column":115}},"13":{"start":{"line":90,"column":27},"end":{"line":90,"column":null}},"14":{"start":{"line":108,"column":2},"end":{"line":142,"column":null}}},"fnMap":{"0":{"name":"MenuAutenticacion","decl":{"start":{"line":11,"column":9},"end":{"line":11,"column":29}},"loc":{"start":{"line":11,"column":29},"end":{"line":45,"column":null}},"line":11},"1":{"name":"(anonymous_1)","decl":{"start":{"line":23,"column":34},"end":{"line":23,"column":40}},"loc":{"start":{"line":23,"column":40},"end":{"line":23,"column":61}},"line":23},"2":{"name":"(anonymous_2)","decl":{"start":{"line":25,"column":36},"end":{"line":25,"column":42}},"loc":{"start":{"line":25,"column":42},"end":{"line":25,"column":62}},"line":25},"3":{"name":"MenuCarrito","decl":{"start":{"line":48,"column":9},"end":{"line":48,"column":23}},"loc":{"start":{"line":48,"column":23},"end":{"line":103,"column":null}},"line":48},"4":{"name":"(anonymous_4)","decl":{"start":{"line":65,"column":24},"end":{"line":65,"column":null}},"loc":{"start":{"line":66,"column":14},"end":{"line":76,"column":null}},"line":66},"5":{"name":"(anonymous_5)","decl":{"start":{"line":72,"column":80},"end":{"line":72,"column":86}},"loc":{"start":{"line":72,"column":86},"end":{"line":72,"column":116}},"line":72},"6":{"name":"(anonymous_6)","decl":{"start":{"line":74,"column":80},"end":{"line":74,"column":86}},"loc":{"start":{"line":74,"column":86},"end":{"line":74,"column":115}},"line":74},"7":{"name":"(anonymous_7)","decl":{"start":{"line":90,"column":21},"end":{"line":90,"column":27}},"loc":{"start":{"line":90,"column":27},"end":{"line":90,"column":null}},"line":90},"8":{"name":"Layout","decl":{"start":{"line":107,"column":24},"end":{"line":107,"column":33}},"loc":{"start":{"line":107,"column":33},"end":{"line":144,"column":null}},"line":107}},"branchMap":{"0":{"loc":{"start":{"line":15,"column":2},"end":{"line":32,"column":null}},"type":"if","locations":[{"start":{"line":15,"column":2},"end":{"line":32,"column":null}},{"start":{},"end":{}}],"line":15},"1":{"loc":{"start":{"line":24,"column":11},"end":{"line":25,"column":null}},"type":"binary-expr","locations":[{"start":{"line":24,"column":11},"end":{"line":24,"column":null}},{"start":{"line":25,"column":12},"end":{"line":25,"column":null}}],"line":24},"2":{"loc":{"start":{"line":62,"column":11},"end":{"line":77,"column":null}},"type":"cond-expr","locations":[{"start":{"line":63,"column":12},"end":{"line":63,"column":null}},{"start":{"line":65,"column":12},"end":{"line":77,"column":null}}],"line":62},"3":{"loc":{"start":{"line":69,"column":88},"end":{"line":69,"column":117}},"type":"cond-expr","locations":[{"start":{"line":69,"column":108},"end":{"line":69,"column":114}},{"start":{"line":69,"column":114},"end":{"line":69,"column":117}}],"line":69}},"s":{"0":4,"1":4,"2":4,"3":3,"4":0,"5":0,"6":1,"7":4,"8":4,"9":4,"10":0,"11":0,"12":0,"13":0,"14":4},"f":{"0":4,"1":0,"2":0,"3":4,"4":0,"5":0,"6":0,"7":0,"8":4},"b":{"0":[3,1],"1":[3,1],"2":[4,0],"3":[0,0]},"meta":{"lastBranch":4,"lastFunction":9,"lastStatement":15,"seen":{"f:11:9:11:29":0,"s:12:32:12:Infinity":0,"s:13:8:13:Infinity":1,"b:15:2:32:Infinity:undefined:undefined:undefined:undefined":0,"s:15:2:32:Infinity":2,"s:17:4:30:Infinity":3,"f:23:34:23:40":1,"s:23:40:23:61":4,"b:24:11:24:Infinity:25:12:25:Infinity":1,"f:25:36:25:42":2,"s:25:42:25:62":5,"s:35:2:43:Infinity":6,"f:48:9:48:23":3,"s:49:82:49:Infinity":7,"s:50:8:50:Infinity":8,"s:52:2:101:Infinity":9,"b:63:12:63:Infinity:65:12:77:Infinity":2,"f:65:24:65:Infinity":4,"s:66:14:76:Infinity":10,"b:69:108:69:114:69:114:69:117":3,"f:72:80:72:86":5,"s:72:86:72:116":11,"f:74:80:74:86":6,"s:74:86:74:115":12,"f:90:21:90:27":7,"s:90:27:90:Infinity":13,"f:107:24:107:33":8,"s:108:2:142:Infinity":14}}}
,"C:\\Users\\eduar\\Desktop\\basura\\proyecto-HuertoHogar\\HuertoHogar\\src\\components\\ModalDetalleProducto.tsx": {"path":"C:\\Users\\eduar\\Desktop\\basura\\proyecto-HuertoHogar\\HuertoHogar\\src\\components\\ModalDetalleProducto.tsx","statementMap":{"0":{"start":{"line":22,"column":2},"end":{"line":24,"column":null}},"1":{"start":{"line":23,"column":4},"end":{"line":23,"column":null}},"2":{"start":{"line":25,"column":2},"end":{"line":36,"column":null}},"3":{"start":{"line":28,"column":8},"end":{"line":34,"column":null}},"4":{"start":{"line":41,"column":40},"end":{"line":41,"column":null}},"5":{"start":{"line":42,"column":24},"end":{"line":42,"column":null}},"6":{"start":{"line":43,"column":27},"end":{"line":43,"column":null}},"7":{"start":{"line":45,"column":30},"end":{"line":45,"column":null}},"8":{"start":{"line":46,"column":50},"end":{"line":46,"column":null}},"9":{"start":{"line":47,"column":36},"end":{"line":47,"column":null}},"10":{"start":{"line":49,"column":33},"end":{"line":71,"column":null}},"11":{"start":{"line":50,"column":4},"end":{"line":50,"column":null}},"12":{"start":{"line":50,"column":19},"end":{"line":50,"column":null}},"13":{"start":{"line":52,"column":4},"end":{"line":56,"column":null}},"14":{"start":{"line":53,"column":6},"end":{"line":53,"column":null}},"15":{"start":{"line":54,"column":6},"end":{"line":54,"column":null}},"16":{"start":{"line":55,"column":6},"end":{"line":55,"column":null}},"17":{"start":{"line":58,"column":4},"end":{"line":61,"column":null}},"18":{"start":{"line":59,"column":6},"end":{"line":59,"column":null}},"19":{"start":{"line":60,"column":6},"end":{"line":60,"column":null}},"20":{"start":{"line":63,"column":4},"end":{"line":66,"column":null}},"21":{"start":{"line":65,"column":6},"end":{"line":65,"column":null}},"22":{"start":{"line":68,"column":4},"end":{"line":68,"column":null}},"23":{"start":{"line":69,"column":4},"end":{"line":69,"column":null}},"24":{"start":{"line":70,"column":4},"end":{"line":70,"column":null}},"25":{"start":{"line":73,"column":29},"end":{"line":103,"column":null}},"26":{"start":{"line":74,"column":4},"end":{"line":74,"column":null}},"27":{"start":{"line":75,"column":4},"end":{"line":75,"column":null}},"28":{"start":{"line":75,"column":37},"end":{"line":75,"column":null}},"29":{"start":{"line":77,"column":4},"end":{"line":80,"column":null}},"30":{"start":{"line":78,"column":6},"end":{"line":78,"column":null}},"31":{"start":{"line":79,"column":6},"end":{"line":79,"column":null}},"32":{"start":{"line":81,"column":4},"end":{"line":84,"column":null}},"33":{"start":{"line":82,"column":6},"end":{"line":82,"column":null}},"34":{"start":{"line":83,"column":6},"end":{"line":83,"column":null}},"35":{"start":{"line":86,"column":32},"end":{"line":90,"column":null}},"36":{"start":{"line":92,"column":4},"end":{"line":102,"column":null}},"37":{"start":{"line":94,"column":8},"end":{"line":94,"column":null}},"38":{"start":{"line":95,"column":8},"end":{"line":95,"column":null}},"39":{"start":{"line":96,"column":8},"end":{"line":96,"column":null}},"40":{"start":{"line":97,"column":8},"end":{"line":97,"column":null}},"41":{"start":{"line":100,"column":8},"end":{"line":100,"column":null}},"42":{"start":{"line":101,"column":8},"end":{"line":101,"column":null}},"43":{"start":{"line":106,"column":25},"end":{"line":110,"column":null}},"44":{"start":{"line":107,"column":4},"end":{"line":107,"column":null}},"45":{"start":{"line":108,"column":4},"end":{"line":108,"column":null}},"46":{"start":{"line":109,"column":4},"end":{"line":109,"column":null}},"47":{"start":{"line":112,"column":2},"end":{"line":112,"column":null}},"48":{"start":{"line":112,"column":17},"end":{"line":112,"column":null}},"49":{"start":{"line":114,"column":22},"end":{"line":114,"column":null}},"50":{"start":{"line":115,"column":8},"end":{"line":115,"column":null}},"51":{"start":{"line":116,"column":8},"end":{"line":116,"column":null}},"52":{"start":{"line":121,"column":2},"end":{"line":221,"column":null}},"53":{"start":{"line":157,"column":31},"end":{"line":157,"column":null}},"54":{"start":{"line":195,"column":35},"end":{"line":195,"column":null}},"55":{"start":{"line":206,"column":35},"end":{"line":206,"column":null}}},"fnMap":{"0":{"name":"RenderResenas","decl":{"start":{"line":21,"column":9},"end":{"line":21,"column":23}},"loc":{"start":{"line":21,"column":59},"end":{"line":38,"column":null}},"line":21},"1":{"name":"(anonymous_1)","decl":{"start":{"line":27,"column":19},"end":{"line":27,"column":20}},"loc":{"start":{"line":28,"column":8},"end":{"line":34,"column":null}},"line":28},"2":{"name":"ModalDetalleProducto","decl":{"start":{"line":40,"column":24},"end":{"line":40,"column":45}},"loc":{"start":{"line":40,"column":113},"end":{"line":223,"column":null}},"line":40},"3":{"name":"(anonymous_3)","decl":{"start":{"line":49,"column":33},"end":{"line":49,"column":39}},"loc":{"start":{"line":49,"column":39},"end":{"line":71,"column":null}},"line":49},"4":{"name":"(anonymous_4)","decl":{"start":{"line":73,"column":29},"end":{"line":73,"column":30}},"loc":{"start":{"line":73,"column":53},"end":{"line":103,"column":null}},"line":73},"5":{"name":"(anonymous_5)","decl":{"start":{"line":93,"column":12},"end":{"line":93,"column":35}},"loc":{"start":{"line":93,"column":35},"end":{"line":98,"column":7}},"line":93},"6":{"name":"(anonymous_6)","decl":{"start":{"line":99,"column":13},"end":{"line":99,"column":20}},"loc":{"start":{"line":99,"column":20},"end":{"line":102,"column":7}},"line":99},"7":{"name":"(anonymous_7)","decl":{"start":{"line":106,"column":25},"end":{"line":106,"column":31}},"loc":{"start":{"line":106,"column":31},"end":{"line":110,"column":null}},"line":106},"8":{"name":"(anonymous_8)","decl":{"start":{"line":157,"column":24},"end":{"line":157,"column":25}},"loc":{"start":{"line":157,"column":31},"end":{"line":157,"column":null}},"line":157},"9":{"name":"(anonymous_9)","decl":{"start":{"line":195,"column":28},"end":{"line":195,"column":29}},"loc":{"start":{"line":195,"column":35},"end":{"line":195,"column":null}},"line":195},"10":{"name":"(anonymous_10)","decl":{"start":{"line":206,"column":28},"end":{"line":206,"column":29}},"loc":{"start":{"line":206,"column":35},"end":{"line":206,"column":null}},"line":206}},"branchMap":{"0":{"loc":{"start":{"line":22,"column":2},"end":{"line":24,"column":null}},"type":"if","locations":[{"start":{"line":22,"column":2},"end":{"line":24,"column":null}},{"start":{},"end":{}}],"line":22},"1":{"loc":{"start":{"line":50,"column":4},"end":{"line":50,"column":null}},"type":"if","locations":[{"start":{"line":50,"column":4},"end":{"line":50,"column":null}},{"start":{},"end":{}}],"line":50},"2":{"loc":{"start":{"line":52,"column":4},"end":{"line":56,"column":null}},"type":"if","locations":[{"start":{"line":52,"column":4},"end":{"line":56,"column":null}},{"start":{},"end":{}}],"line":52},"3":{"loc":{"start":{"line":58,"column":4},"end":{"line":61,"column":null}},"type":"if","locations":[{"start":{"line":58,"column":4},"end":{"line":61,"column":null}},{"start":{},"end":{}}],"line":58},"4":{"loc":{"start":{"line":63,"column":4},"end":{"line":66,"column":null}},"type":"if","locations":[{"start":{"line":63,"column":4},"end":{"line":66,"column":null}},{"start":{},"end":{}}],"line":63},"5":{"loc":{"start":{"line":75,"column":4},"end":{"line":75,"column":null}},"type":"if","locations":[{"start":{"line":75,"column":4},"end":{"line":75,"column":null}},{"start":{},"end":{}}],"line":75},"6":{"loc":{"start":{"line":75,"column":8},"end":{"line":75,"column":37}},"type":"binary-expr","locations":[{"start":{"line":75,"column":8},"end":{"line":75,"column":21}},{"start":{"line":75,"column":21},"end":{"line":75,"column":37}}],"line":75},"7":{"loc":{"start":{"line":77,"column":4},"end":{"line":80,"column":null}},"type":"if","locations":[{"start":{"line":77,"column":4},"end":{"line":80,"column":null}},{"start":{},"end":{}}],"line":77},"8":{"loc":{"start":{"line":77,"column":8},"end":{"line":77,"column":58}},"type":"binary-expr","locations":[{"start":{"line":77,"column":8},"end":{"line":77,"column":34}},{"start":{"line":77,"column":34},"end":{"line":77,"column":58}}],"line":77},"9":{"loc":{"start":{"line":81,"column":4},"end":{"line":84,"column":null}},"type":"if","locations":[{"start":{"line":81,"column":4},"end":{"line":84,"column":null}},{"start":{},"end":{}}],"line":81},"10":{"loc":{"start":{"line":112,"column":2},"end":{"line":112,"column":null}},"type":"if","locations":[{"start":{"line":112,"column":2},"end":{"line":112,"column":null}},{"start":{},"end":{}}],"line":112},"11":{"loc":{"start":{"line":114,"column":22},"end":{"line":114,"column":null}},"type":"binary-expr","locations":[{"start":{"line":114,"column":22},"end":{"line":114,"column":53}},{"start":{"line":114,"column":53},"end":{"line":114,"column":null}}],"line":114},"12":{"loc":{"start":{"line":131,"column":13},"end":{"line":137,"column":null}},"type":"cond-expr","locations":[{"start":{"line":132,"column":14},"end":{"line":135,"column":null}},{"start":{"line":137,"column":14},"end":{"line":137,"column":null}}],"line":131},"13":{"loc":{"start":{"line":147,"column":30},"end":{"line":147,"column":null}},"type":"cond-expr","locations":[{"start":{"line":147,"column":53},"end":{"line":147,"column":59}},{"start":{"line":147,"column":59},"end":{"line":147,"column":null}}],"line":147},"14":{"loc":{"start":{"line":167,"column":15},"end":{"line":167,"column":null}},"type":"cond-expr","locations":[{"start":{"line":167,"column":36},"end":{"line":167,"column":59}},{"start":{"line":167,"column":59},"end":{"line":167,"column":null}}],"line":167},"15":{"loc":{"start":{"line":179,"column":9},"end":{"line":214,"column":null}},"type":"cond-expr","locations":[{"start":{"line":180,"column":10},"end":{"line":182,"column":null}},{"start":{"line":184,"column":10},"end":{"line":214,"column":null}}],"line":179}},"s":{"0":7,"1":7,"2":0,"3":0,"4":7,"5":7,"6":7,"7":7,"8":7,"9":7,"10":7,"11":2,"12":0,"13":2,"14":1,"15":1,"16":1,"17":1,"18":0,"19":0,"20":1,"21":0,"22":1,"23":1,"24":1,"25":7,"26":0,"27":0,"28":0,"29":0,"30":0,"31":0,"32":0,"33":0,"34":0,"35":0,"36":0,"37":0,"38":0,"39":0,"40":0,"41":0,"42":0,"43":7,"44":0,"45":0,"46":0,"47":7,"48":0,"49":7,"50":7,"51":7,"52":7,"53":2,"54":0,"55":0},"f":{"0":7,"1":0,"2":7,"3":2,"4":0,"5":0,"6":0,"7":0,"8":2,"9":0,"10":0},"b":{"0":[7,0],"1":[0,2],"2":[1,1],"3":[0,1],"4":[0,1],"5":[0,0],"6":[0,0],"7":[0,0],"8":[0,0],"9":[0,0],"10":[0,7],"11":[7,7],"12":[0,7],"13":[7,0],"14":[7,0],"15":[3,4]},"meta":{"lastBranch":16,"lastFunction":11,"lastStatement":56,"seen":{"f:21:9:21:23":0,"b:22:2:24:Infinity:undefined:undefined:undefined:undefined":0,"s:22:2:24:Infinity":0,"s:23:4:23:Infinity":1,"s:25:2:36:Infinity":2,"f:27:19:27:20":1,"s:28:8:34:Infinity":3,"f:40:24:40:45":2,"s:41:40:41:Infinity":4,"s:42:24:42:Infinity":5,"s:43:27:43:Infinity":6,"s:45:30:45:Infinity":7,"s:46:50:46:Infinity":8,"s:47:36:47:Infinity":9,"s:49:33:71:Infinity":10,"f:49:33:49:39":3,"b:50:4:50:Infinity:undefined:undefined:undefined:undefined":1,"s:50:4:50:Infinity":11,"s:50:19:50:Infinity":12,"b:52:4:56:Infinity:undefined:undefined:undefined:undefined":2,"s:52:4:56:Infinity":13,"s:53:6:53:Infinity":14,"s:54:6:54:Infinity":15,"s:55:6:55:Infinity":16,"b:58:4:61:Infinity:undefined:undefined:undefined:undefined":3,"s:58:4:61:Infinity":17,"s:59:6:59:Infinity":18,"s:60:6:60:Infinity":19,"b:63:4:66:Infinity:undefined:undefined:undefined:undefined":4,"s:63:4:66:Infinity":20,"s:65:6:65:Infinity":21,"s:68:4:68:Infinity":22,"s:69:4:69:Infinity":23,"s:70:4:70:Infinity":24,"s:73:29:103:Infinity":25,"f:73:29:73:30":4,"s:74:4:74:Infinity":26,"b:75:4:75:Infinity:undefined:undefined:undefined:undefined":5,"s:75:4:75:Infinity":27,"b:75:8:75:21:75:21:75:37":6,"s:75:37:75:Infinity":28,"b:77:4:80:Infinity:undefined:undefined:undefined:undefined":7,"s:77:4:80:Infinity":29,"b:77:8:77:34:77:34:77:58":8,"s:78:6:78:Infinity":30,"s:79:6:79:Infinity":31,"b:81:4:84:Infinity:undefined:undefined:undefined:undefined":9,"s:81:4:84:Infinity":32,"s:82:6:82:Infinity":33,"s:83:6:83:Infinity":34,"s:86:32:90:Infinity":35,"s:92:4:102:Infinity":36,"f:93:12:93:35":5,"s:94:8:94:Infinity":37,"s:95:8:95:Infinity":38,"s:96:8:96:Infinity":39,"s:97:8:97:Infinity":40,"f:99:13:99:20":6,"s:100:8:100:Infinity":41,"s:101:8:101:Infinity":42,"s:106:25:110:Infinity":43,"f:106:25:106:31":7,"s:107:4:107:Infinity":44,"s:108:4:108:Infinity":45,"s:109:4:109:Infinity":46,"b:112:2:112:Infinity:undefined:undefined:undefined:undefined":10,"s:112:2:112:Infinity":47,"s:112:17:112:Infinity":48,"s:114:22:114:Infinity":49,"b:114:22:114:53:114:53:114:Infinity":11,"s:115:8:115:Infinity":50,"s:116:8:116:Infinity":51,"s:121:2:221:Infinity":52,"b:132:14:135:Infinity:137:14:137:Infinity":12,"b:147:53:147:59:147:59:147:Infinity":13,"f:157:24:157:25":8,"s:157:31:157:Infinity":53,"b:167:36:167:59:167:59:167:Infinity":14,"b:180:10:182:Infinity:184:10:214:Infinity":15,"f:195:28:195:29":9,"s:195:35:195:Infinity":54,"f:206:28:206:29":10,"s:206:35:206:Infinity":55}}}
,"C:\\Users\\eduar\\Desktop\\basura\\proyecto-HuertoHogar\\HuertoHogar\\src\\components\\TarjetaProducto.tsx": {"path":"C:\\Users\\eduar\\Desktop\\basura\\proyecto-HuertoHogar\\HuertoHogar\\src\\components\\TarjetaProducto.tsx","statementMap":{"0":{"start":{"line":14,"column":31},"end":{"line":16,"column":null}},"1":{"start":{"line":15,"column":43},"end":{"line":15,"column":65}},"2":{"start":{"line":17,"column":22},"end":{"line":17,"column":null}},"3":{"start":{"line":19,"column":30},"end":{"line":21,"column":null}},"4":{"start":{"line":22,"column":28},"end":{"line":22,"column":null}},"5":{"start":{"line":24,"column":22},"end":{"line":24,"column":null}},"6":{"start":{"line":25,"column":8},"end":{"line":25,"column":null}},"7":{"start":{"line":26,"column":8},"end":{"line":26,"column":null}},"8":{"start":{"line":29,"column":32},"end":{"line":29,"column":null}},"9":{"start":{"line":30,"column":22},"end":{"line":32,"column":null}},"10":{"start":{"line":35,"column":2},"end":{"line":76,"column":null}},"11":{"start":{"line":40,"column":23},"end":{"line":40,"column":null}},"12":{"start":{"line":46,"column":27},"end":{"line":46,"column":null}}},"fnMap":{"0":{"name":"TarjetaProducto","decl":{"start":{"line":12,"column":24},"end":{"line":12,"column":40}},"loc":{"start":{"line":12,"column":93},"end":{"line":78,"column":null}},"line":12},"1":{"name":"(anonymous_1)","decl":{"start":{"line":15,"column":31},"end":{"line":15,"column":32}},"loc":{"start":{"line":15,"column":43},"end":{"line":15,"column":65}},"line":15},"2":{"name":"(anonymous_2)","decl":{"start":{"line":40,"column":17},"end":{"line":40,"column":23}},"loc":{"start":{"line":40,"column":23},"end":{"line":40,"column":null}},"line":40},"3":{"name":"(anonymous_3)","decl":{"start":{"line":46,"column":19},"end":{"line":46,"column":20}},"loc":{"start":{"line":46,"column":27},"end":{"line":46,"column":null}},"line":46}},"branchMap":{"0":{"loc":{"start":{"line":14,"column":31},"end":{"line":16,"column":null}},"type":"cond-expr","locations":[{"start":{"line":15,"column":7},"end":{"line":15,"column":null}},{"start":{"line":16,"column":6},"end":{"line":16,"column":null}}],"line":14},"1":{"loc":{"start":{"line":17,"column":22},"end":{"line":17,"column":null}},"type":"cond-expr","locations":[{"start":{"line":17,"column":52},"end":{"line":17,"column":85}},{"start":{"line":17,"column":85},"end":{"line":17,"column":null}}],"line":17},"2":{"loc":{"start":{"line":19,"column":30},"end":{"line":21,"column":null}},"type":"cond-expr","locations":[{"start":{"line":20,"column":6},"end":{"line":20,"column":null}},{"start":{"line":21,"column":6},"end":{"line":21,"column":null}}],"line":19},"3":{"loc":{"start":{"line":22,"column":28},"end":{"line":22,"column":null}},"type":"cond-expr","locations":[{"start":{"line":22,"column":54},"end":{"line":22,"column":126}},{"start":{"line":22,"column":126},"end":{"line":22,"column":null}}],"line":22},"4":{"loc":{"start":{"line":24,"column":22},"end":{"line":24,"column":null}},"type":"binary-expr","locations":[{"start":{"line":24,"column":22},"end":{"line":24,"column":53}},{"start":{"line":24,"column":53},"end":{"line":24,"column":null}}],"line":24},"5":{"loc":{"start":{"line":30,"column":22},"end":{"line":32,"column":null}},"type":"cond-expr","locations":[{"start":{"line":31,"column":6},"end":{"line":31,"column":null}},{"start":{"line":32,"column":6},"end":{"line":32,"column":null}}],"line":30},"6":{"loc":{"start":{"line":30,"column":22},"end":{"line":30,"column":null}},"type":"binary-expr","locations":[{"start":{"line":30,"column":22},"end":{"line":30,"column":46}},{"start":{"line":30,"column":46},"end":{"line":30,"column":null}}],"line":30},"7":{"loc":{"start":{"line":43,"column":15},"end":{"line":43,"column":null}},"type":"cond-expr","locations":[{"start":{"line":43,"column":52},"end":{"line":43,"column":76}},{"start":{"line":43,"column":76},"end":{"line":43,"column":null}}],"line":43},"8":{"loc":{"start":{"line":62,"column":13},"end":{"line":69,"column":null}},"type":"cond-expr","locations":[{"start":{"line":63,"column":14},"end":{"line":67,"column":null}},{"start":{"line":69,"column":14},"end":{"line":69,"column":null}}],"line":62}},"s":{"0":6,"1":6,"2":6,"3":6,"4":6,"5":6,"6":6,"7":6,"8":6,"9":6,"10":6,"11":1,"12":0},"f":{"0":6,"1":6,"2":1,"3":0},"b":{"0":[6,0],"1":[6,0],"2":[1,5],"3":[1,5],"4":[6,5],"5":[4,2],"6":[6,4],"7":[6,0],"8":[1,5]},"meta":{"lastBranch":9,"lastFunction":4,"lastStatement":13,"seen":{"f:12:24:12:40":0,"s:14:31:16:Infinity":0,"b:15:7:15:Infinity:16:6:16:Infinity":0,"f:15:31:15:32":1,"s:15:43:15:65":1,"s:17:22:17:Infinity":2,"b:17:52:17:85:17:85:17:Infinity":1,"s:19:30:21:Infinity":3,"b:20:6:20:Infinity:21:6:21:Infinity":2,"s:22:28:22:Infinity":4,"b:22:54:22:126:22:126:22:Infinity":3,"s:24:22:24:Infinity":5,"b:24:22:24:53:24:53:24:Infinity":4,"s:25:8:25:Infinity":6,"s:26:8:26:Infinity":7,"s:29:32:29:Infinity":8,"s:30:22:32:Infinity":9,"b:31:6:31:Infinity:32:6:32:Infinity":5,"b:30:22:30:46:30:46:30:Infinity":6,"s:35:2:76:Infinity":10,"f:40:17:40:23":2,"s:40:23:40:Infinity":11,"b:43:52:43:76:43:76:43:Infinity":7,"f:46:19:46:20":3,"s:46:27:46:Infinity":12,"b:63:14:67:Infinity:69:14:69:Infinity":8}}}
,"C:\\Users\\eduar\\Desktop\\basura\\proyecto-HuertoHogar\\HuertoHogar\\src\\context\\CartContext.tsx": {"path":"C:\\Users\\eduar\\Desktop\\basura\\proyecto-HuertoHogar\\HuertoHogar\\src\\context\\CartContext.tsx","statementMap":{"0":{"start":{"line":19,"column":6},"end":{"line":19,"column":null}},"1":{"start":{"line":27,"column":28},"end":{"line":27,"column":null}},"2":{"start":{"line":28,"column":27},"end":{"line":28,"column":null}},"3":{"start":{"line":31,"column":2},"end":{"line":36,"column":null}},"4":{"start":{"line":32,"column":28},"end":{"line":32,"column":null}},"5":{"start":{"line":33,"column":4},"end":{"line":35,"column":null}},"6":{"start":{"line":34,"column":6},"end":{"line":34,"column":null}},"7":{"start":{"line":39,"column":36},"end":{"line":42,"column":null}},"8":{"start":{"line":40,"column":4},"end":{"line":40,"column":null}},"9":{"start":{"line":41,"column":4},"end":{"line":41,"column":null}},"10":{"start":{"line":45,"column":22},"end":{"line":55,"column":null}},"11":{"start":{"line":46,"column":26},"end":{"line":46,"column":null}},"12":{"start":{"line":46,"column":47},"end":{"line":46,"column":70}},"13":{"start":{"line":47,"column":27},"end":{"line":47,"column":null}},"14":{"start":{"line":49,"column":4},"end":{"line":53,"column":null}},"15":{"start":{"line":51,"column":6},"end":{"line":51,"column":null}},"16":{"start":{"line":52,"column":6},"end":{"line":52,"column":null}},"17":{"start":{"line":54,"column":4},"end":{"line":54,"column":null}},"18":{"start":{"line":58,"column":27},"end":{"line":82,"column":null}},"19":{"start":{"line":59,"column":24},"end":{"line":59,"column":null}},"20":{"start":{"line":60,"column":26},"end":{"line":60,"column":null}},"21":{"start":{"line":60,"column":47},"end":{"line":60,"column":70}},"22":{"start":{"line":62,"column":23},"end":{"line":62,"column":null}},"23":{"start":{"line":63,"column":4},"end":{"line":80,"column":null}},"24":{"start":{"line":64,"column":6},"end":{"line":68,"column":null}},"25":{"start":{"line":65,"column":8},"end":{"line":67,"column":null}},"26":{"start":{"line":70,"column":6},"end":{"line":79,"column":null}},"27":{"start":{"line":81,"column":4},"end":{"line":81,"column":null}},"28":{"start":{"line":85,"column":26},"end":{"line":104,"column":null}},"29":{"start":{"line":86,"column":17},"end":{"line":86,"column":null}},"30":{"start":{"line":86,"column":38},"end":{"line":86,"column":60}},"31":{"start":{"line":87,"column":4},"end":{"line":87,"column":null}},"32":{"start":{"line":87,"column":15},"end":{"line":87,"column":null}},"33":{"start":{"line":91,"column":4},"end":{"line":103,"column":null}},"34":{"start":{"line":93,"column":27},"end":{"line":93,"column":null}},"35":{"start":{"line":93,"column":47},"end":{"line":93,"column":66}},"36":{"start":{"line":94,"column":6},"end":{"line":94,"column":null}},"37":{"start":{"line":97,"column":27},"end":{"line":101,"column":null}},"38":{"start":{"line":98,"column":8},"end":{"line":100,"column":null}},"39":{"start":{"line":102,"column":6},"end":{"line":102,"column":null}},"40":{"start":{"line":107,"column":25},"end":{"line":109,"column":null}},"41":{"start":{"line":108,"column":4},"end":{"line":108,"column":null}},"42":{"start":{"line":112,"column":26},"end":{"line":112,"column":null}},"43":{"start":{"line":112,"column":56},"end":{"line":112,"column":77}},"44":{"start":{"line":113,"column":23},"end":{"line":113,"column":null}},"45":{"start":{"line":113,"column":53},"end":{"line":113,"column":90}},"46":{"start":{"line":116,"column":16},"end":{"line":124,"column":null}},"47":{"start":{"line":126,"column":2},"end":{"line":126,"column":null}},"48":{"start":{"line":132,"column":8},"end":{"line":132,"column":null}},"49":{"start":{"line":133,"column":2},"end":{"line":135,"column":null}},"50":{"start":{"line":134,"column":4},"end":{"line":134,"column":null}},"51":{"start":{"line":136,"column":2},"end":{"line":136,"column":null}}},"fnMap":{"0":{"name":"CartProvider","decl":{"start":{"line":26,"column":16},"end":{"line":26,"column":29}},"loc":{"start":{"line":26,"column":62},"end":{"line":127,"column":null}},"line":26},"1":{"name":"(anonymous_1)","decl":{"start":{"line":31,"column":12},"end":{"line":31,"column":18}},"loc":{"start":{"line":31,"column":18},"end":{"line":36,"column":5}},"line":31},"2":{"name":"(anonymous_2)","decl":{"start":{"line":39,"column":36},"end":{"line":39,"column":37}},"loc":{"start":{"line":39,"column":69},"end":{"line":42,"column":null}},"line":39},"3":{"name":"(anonymous_3)","decl":{"start":{"line":45,"column":22},"end":{"line":45,"column":23}},"loc":{"start":{"line":45,"column":80},"end":{"line":55,"column":null}},"line":45},"4":{"name":"(anonymous_4)","decl":{"start":{"line":46,"column":39},"end":{"line":46,"column":47}},"loc":{"start":{"line":46,"column":47},"end":{"line":46,"column":70}},"line":46},"5":{"name":"(anonymous_5)","decl":{"start":{"line":58,"column":27},"end":{"line":58,"column":28}},"loc":{"start":{"line":58,"column":69},"end":{"line":82,"column":null}},"line":58},"6":{"name":"(anonymous_6)","decl":{"start":{"line":60,"column":39},"end":{"line":60,"column":47}},"loc":{"start":{"line":60,"column":47},"end":{"line":60,"column":70}},"line":60},"7":{"name":"(anonymous_7)","decl":{"start":{"line":64,"column":33},"end":{"line":64,"column":null}},"loc":{"start":{"line":65,"column":8},"end":{"line":67,"column":null}},"line":65},"8":{"name":"(anonymous_8)","decl":{"start":{"line":85,"column":26},"end":{"line":85,"column":27}},"loc":{"start":{"line":85,"column":76},"end":{"line":104,"column":null}},"line":85},"9":{"name":"(anonymous_9)","decl":{"start":{"line":86,"column":30},"end":{"line":86,"column":38}},"loc":{"start":{"line":86,"column":38},"end":{"line":86,"column":60}},"line":86},"10":{"name":"(anonymous_10)","decl":{"start":{"line":93,"column":42},"end":{"line":93,"column":47}},"loc":{"start":{"line":93,"column":47},"end":{"line":93,"column":66}},"line":93},"11":{"name":"(anonymous_11)","decl":{"start":{"line":97,"column":39},"end":{"line":97,"column":null}},"loc":{"start":{"line":98,"column":8},"end":{"line":100,"column":null}},"line":98},"12":{"name":"(anonymous_12)","decl":{"start":{"line":107,"column":25},"end":{"line":107,"column":31}},"loc":{"start":{"line":107,"column":31},"end":{"line":109,"column":null}},"line":107},"13":{"name":"(anonymous_13)","decl":{"start":{"line":112,"column":41},"end":{"line":112,"column":42}},"loc":{"start":{"line":112,"column":56},"end":{"line":112,"column":77}},"line":112},"14":{"name":"(anonymous_14)","decl":{"start":{"line":113,"column":38},"end":{"line":113,"column":39}},"loc":{"start":{"line":113,"column":53},"end":{"line":113,"column":90}},"line":113},"15":{"name":"useCart","decl":{"start":{"line":131,"column":16},"end":{"line":131,"column":26}},"loc":{"start":{"line":131,"column":26},"end":{"line":137,"column":null}},"line":131}},"branchMap":{"0":{"loc":{"start":{"line":33,"column":4},"end":{"line":35,"column":null}},"type":"if","locations":[{"start":{"line":33,"column":4},"end":{"line":35,"column":null}},{"start":{},"end":{}}],"line":33},"1":{"loc":{"start":{"line":47,"column":27},"end":{"line":47,"column":null}},"type":"cond-expr","locations":[{"start":{"line":47,"column":43},"end":{"line":47,"column":68}},{"start":{"line":47,"column":68},"end":{"line":47,"column":null}}],"line":47},"2":{"loc":{"start":{"line":49,"column":4},"end":{"line":53,"column":null}},"type":"if","locations":[{"start":{"line":49,"column":4},"end":{"line":53,"column":null}},{"start":{},"end":{}}],"line":49},"3":{"loc":{"start":{"line":59,"column":24},"end":{"line":59,"column":null}},"type":"binary-expr","locations":[{"start":{"line":59,"column":24},"end":{"line":59,"column":55}},{"start":{"line":59,"column":55},"end":{"line":59,"column":null}}],"line":59},"4":{"loc":{"start":{"line":63,"column":4},"end":{"line":80,"column":null}},"type":"if","locations":[{"start":{"line":63,"column":4},"end":{"line":80,"column":null}},{"start":{"line":69,"column":11},"end":{"line":80,"column":null}}],"line":63},"5":{"loc":{"start":{"line":65,"column":8},"end":{"line":67,"column":null}},"type":"cond-expr","locations":[{"start":{"line":66,"column":12},"end":{"line":66,"column":null}},{"start":{"line":67,"column":12},"end":{"line":67,"column":null}}],"line":65},"6":{"loc":{"start":{"line":87,"column":4},"end":{"line":87,"column":null}},"type":"if","locations":[{"start":{"line":87,"column":4},"end":{"line":87,"column":null}},{"start":{},"end":{}}],"line":87},"7":{"loc":{"start":{"line":91,"column":4},"end":{"line":103,"column":null}},"type":"if","locations":[{"start":{"line":91,"column":4},"end":{"line":103,"column":null}},{"start":{"line":95,"column":11},"end":{"line":103,"column":null}}],"line":91},"8":{"loc":{"start":{"line":91,"column":8},"end":{"line":91,"column":56}},"type":"binary-expr","locations":[{"start":{"line":91,"column":8},"end":{"line":91,"column":35}},{"start":{"line":91,"column":35},"end":{"line":91,"column":56}}],"line":91},"9":{"loc":{"start":{"line":98,"column":8},"end":{"line":100,"column":null}},"type":"cond-expr","locations":[{"start":{"line":99,"column":12},"end":{"line":99,"column":null}},{"start":{"line":100,"column":12},"end":{"line":100,"column":null}}],"line":98},"10":{"loc":{"start":{"line":133,"column":2},"end":{"line":135,"column":null}},"type":"if","locations":[{"start":{"line":133,"column":2},"end":{"line":135,"column":null}},{"start":{},"end":{}}],"line":133}},"s":{"0":1,"1":17,"2":17,"3":17,"4":8,"5":8,"6":0,"7":17,"8":9,"9":9,"10":17,"11":2,"12":0,"13":2,"14":2,"15":1,"16":1,"17":1,"18":17,"19":7,"20":7,"21":2,"22":7,"23":7,"24":1,"25":1,"26":6,"27":7,"28":17,"29":2,"30":2,"31":2,"32":0,"33":2,"34":1,"35":1,"36":1,"37":1,"38":1,"39":1,"40":17,"41":0,"42":17,"43":9,"44":17,"45":9,"46":17,"47":17,"48":17,"49":17,"50":0,"51":17},"f":{"0":17,"1":8,"2":9,"3":2,"4":0,"5":7,"6":2,"7":1,"8":2,"9":2,"10":1,"11":1,"12":0,"13":9,"14":9,"15":17},"b":{"0":[0,8],"1":[0,2],"2":[1,1],"3":[7,7],"4":[1,6],"5":[1,0],"6":[0,2],"7":[1,1],"8":[2,2],"9":[1,0],"10":[0,17]},"meta":{"lastBranch":11,"lastFunction":16,"lastStatement":52,"seen":{"s:19:6:19:Infinity":0,"f:26:16:26:29":0,"s:27:28:27:Infinity":1,"s:28:27:28:Infinity":2,"s:31:2:36:Infinity":3,"f:31:12:31:18":1,"s:32:28:32:Infinity":4,"b:33:4:35:Infinity:undefined:undefined:undefined:undefined":0,"s:33:4:35:Infinity":5,"s:34:6:34:Infinity":6,"s:39:36:42:Infinity":7,"f:39:36:39:37":2,"s:40:4:40:Infinity":8,"s:41:4:41:Infinity":9,"s:45:22:55:Infinity":10,"f:45:22:45:23":3,"s:46:26:46:Infinity":11,"f:46:39:46:47":4,"s:46:47:46:70":12,"s:47:27:47:Infinity":13,"b:47:43:47:68:47:68:47:Infinity":1,"b:49:4:53:Infinity:undefined:undefined:undefined:undefined":2,"s:49:4:53:Infinity":14,"s:51:6:51:Infinity":15,"s:52:6:52:Infinity":16,"s:54:4:54:Infinity":17,"s:58:27:82:Infinity":18,"f:58:27:58:28":5,"s:59:24:59:Infinity":19,"b:59:24:59:55:59:55:59:Infinity":3,"s:60:26:60:Infinity":20,"f:60:39:60:47":6,"s:60:47:60:70":21,"s:62:23:62:Infinity":22,"b:63:4:80:Infinity:69:11:80:Infinity":4,"s:63:4:80:Infinity":23,"s:64:6:68:Infinity":24,"f:64:33:64:Infinity":7,"s:65:8:67:Infinity":25,"b:66:12:66:Infinity:67:12:67:Infinity":5,"s:70:6:79:Infinity":26,"s:81:4:81:Infinity":27,"s:85:26:104:Infinity":28,"f:85:26:85:27":8,"s:86:17:86:Infinity":29,"f:86:30:86:38":9,"s:86:38:86:60":30,"b:87:4:87:Infinity:undefined:undefined:undefined:undefined":6,"s:87:4:87:Infinity":31,"s:87:15:87:Infinity":32,"b:91:4:103:Infinity:95:11:103:Infinity":7,"s:91:4:103:Infinity":33,"b:91:8:91:35:91:35:91:56":8,"s:93:27:93:Infinity":34,"f:93:42:93:47":10,"s:93:47:93:66":35,"s:94:6:94:Infinity":36,"s:97:27:101:Infinity":37,"f:97:39:97:Infinity":11,"s:98:8:100:Infinity":38,"b:99:12:99:Infinity:100:12:100:Infinity":9,"s:102:6:102:Infinity":39,"s:107:25:109:Infinity":40,"f:107:25:107:31":12,"s:108:4:108:Infinity":41,"s:112:26:112:Infinity":42,"f:112:41:112:42":13,"s:112:56:112:77":43,"s:113:23:113:Infinity":44,"f:113:38:113:39":14,"s:113:53:113:90":45,"s:116:16:124:Infinity":46,"s:126:2:126:Infinity":47,"f:131:16:131:26":15,"s:132:8:132:Infinity":48,"b:133:2:135:Infinity:undefined:undefined:undefined:undefined":10,"s:133:2:135:Infinity":49,"s:134:4:134:Infinity":50,"s:136:2:136:Infinity":51}}}
,"C:\\Users\\eduar\\Desktop\\basura\\proyecto-HuertoHogar\\HuertoHogar\\src\\utils\\format.ts": {"path":"C:\\Users\\eduar\\Desktop\\basura\\proyecto-HuertoHogar\\HuertoHogar\\src\\utils\\format.ts","statementMap":{"0":{"start":{"line":2,"column":2},"end":{"line":4,"column":null}},"1":{"start":{"line":3,"column":4},"end":{"line":3,"column":null}},"2":{"start":{"line":5,"column":2},"end":{"line":9,"column":null}}},"fnMap":{"0":{"name":"formatearPrecio","decl":{"start":{"line":1,"column":16},"end":{"line":1,"column":32}},"loc":{"start":{"line":1,"column":51},"end":{"line":10,"column":null}},"line":1}},"branchMap":{"0":{"loc":{"start":{"line":2,"column":2},"end":{"line":4,"column":null}},"type":"if","locations":[{"start":{"line":2,"column":2},"end":{"line":4,"column":null}},{"start":{},"end":{}}],"line":2}},"s":{"0":30,"1":3,"2":27},"f":{"0":30},"b":{"0":[3,27]},"meta":{"lastBranch":1,"lastFunction":1,"lastStatement":3,"seen":{"f:1:16:1:32":0,"b:2:2:4:Infinity:undefined:undefined:undefined:undefined":0,"s:2:2:4:Infinity":0,"s:3:4:3:Infinity":1,"s:5:2:9:Infinity":2}}}
,"C:\\Users\\eduar\\Desktop\\basura\\proyecto-HuertoHogar\\HuertoHogar\\src\\utils\\validation.ts": {"path":"C:\\Users\\eduar\\Desktop\\basura\\proyecto-HuertoHogar\\HuertoHogar\\src\\utils\\validation.ts","statementMap":{"0":{"start":{"line":6,"column":22},"end":{"line":6,"column":null}},"1":{"start":{"line":9,"column":2},"end":{"line":11,"column":null}},"2":{"start":{"line":10,"column":4},"end":{"line":10,"column":null}},"3":{"start":{"line":14,"column":17},"end":{"line":14,"column":null}},"4":{"start":{"line":15,"column":13},"end":{"line":15,"column":null}},"5":{"start":{"line":18,"column":13},"end":{"line":18,"column":null}},"6":{"start":{"line":19,"column":15},"end":{"line":19,"column":null}},"7":{"start":{"line":20,"column":2},"end":{"line":23,"column":null}},"8":{"start":{"line":20,"column":15},"end":{"line":20,"column":34}},"9":{"start":{"line":21,"column":6},"end":{"line":21,"column":null}},"10":{"start":{"line":22,"column":6},"end":{"line":22,"column":null}},"11":{"start":{"line":25,"column":22},"end":{"line":25,"column":null}},"12":{"start":{"line":26,"column":26},"end":{"line":26,"column":null}},"13":{"start":{"line":29,"column":2},"end":{"line":29,"column":null}},"14":{"start":{"line":34,"column":27},"end":{"line":34,"column":null}},"15":{"start":{"line":35,"column":2},"end":{"line":35,"column":null}},"16":{"start":{"line":41,"column":22},"end":{"line":41,"column":null}},"17":{"start":{"line":43,"column":2},"end":{"line":43,"column":null}},"18":{"start":{"line":43,"column":30},"end":{"line":43,"column":null}},"19":{"start":{"line":46,"column":17},"end":{"line":46,"column":null}},"20":{"start":{"line":47,"column":13},"end":{"line":47,"column":null}},"21":{"start":{"line":50,"column":25},"end":{"line":50,"column":null}},"22":{"start":{"line":51,"column":10},"end":{"line":51,"column":null}},"23":{"start":{"line":52,"column":2},"end":{"line":58,"column":null}},"24":{"start":{"line":52,"column":15},"end":{"line":52,"column":34}},"25":{"start":{"line":53,"column":4},"end":{"line":53,"column":null}},"26":{"start":{"line":54,"column":4},"end":{"line":56,"column":null}},"27":{"start":{"line":55,"column":6},"end":{"line":55,"column":null}},"28":{"start":{"line":57,"column":4},"end":{"line":57,"column":null}},"29":{"start":{"line":60,"column":2},"end":{"line":60,"column":null}}},"fnMap":{"0":{"name":"validarRut","decl":{"start":{"line":4,"column":16},"end":{"line":4,"column":27}},"loc":{"start":{"line":4,"column":49},"end":{"line":30,"column":null}},"line":4},"1":{"name":"validarCorreo","decl":{"start":{"line":33,"column":16},"end":{"line":33,"column":30}},"loc":{"start":{"line":33,"column":55},"end":{"line":36,"column":null}},"line":33},"2":{"name":"autoFormatRut","decl":{"start":{"line":39,"column":16},"end":{"line":39,"column":30}},"loc":{"start":{"line":39,"column":51},"end":{"line":61,"column":null}},"line":39}},"branchMap":{"0":{"loc":{"start":{"line":9,"column":2},"end":{"line":11,"column":null}},"type":"if","locations":[{"start":{"line":9,"column":2},"end":{"line":11,"column":null}},{"start":{},"end":{}}],"line":9},"1":{"loc":{"start":{"line":22,"column":16},"end":{"line":22,"column":null}},"type":"cond-expr","locations":[{"start":{"line":22,"column":32},"end":{"line":22,"column":36}},{"start":{"line":22,"column":36},"end":{"line":22,"column":null}}],"line":22},"2":{"loc":{"start":{"line":26,"column":26},"end":{"line":26,"column":null}},"type":"cond-expr","locations":[{"start":{"line":26,"column":48},"end":{"line":26,"column":56}},{"start":{"line":26,"column":56},"end":{"line":26,"column":null}}],"line":26},"3":{"loc":{"start":{"line":26,"column":56},"end":{"line":26,"column":null}},"type":"cond-expr","locations":[{"start":{"line":26,"column":78},"end":{"line":26,"column":84}},{"start":{"line":26,"column":84},"end":{"line":26,"column":null}}],"line":26},"4":{"loc":{"start":{"line":43,"column":2},"end":{"line":43,"column":null}},"type":"if","locations":[{"start":{"line":43,"column":2},"end":{"line":43,"column":null}},{"start":{},"end":{}}],"line":43},"5":{"loc":{"start":{"line":54,"column":4},"end":{"line":56,"column":null}},"type":"if","locations":[{"start":{"line":54,"column":4},"end":{"line":56,"column":null}},{"start":{},"end":{}}],"line":54},"6":{"loc":{"start":{"line":54,"column":8},"end":{"line":54,"column":42}},"type":"binary-expr","locations":[{"start":{"line":54,"column":8},"end":{"line":54,"column":23}},{"start":{"line":54,"column":23},"end":{"line":54,"column":42}}],"line":54}},"s":{"0":0,"1":0,"2":0,"3":0,"4":0,"5":0,"6":0,"7":0,"8":0,"9":0,"10":0,"11":0,"12":0,"13":0,"14":6,"15":6,"16":3,"17":3,"18":0,"19":3,"20":3,"21":3,"22":3,"23":3,"24":3,"25":23,"26":23,"27":6,"28":23,"29":3},"f":{"0":0,"1":6,"2":3},"b":{"0":[0,0],"1":[0,0],"2":[0,0],"3":[0,0],"4":[0,3],"5":[6,17],"6":[23,6]},"meta":{"lastBranch":7,"lastFunction":3,"lastStatement":30,"seen":{"f:4:16:4:27":0,"s:6:22:6:Infinity":0,"b:9:2:11:Infinity:undefined:undefined:undefined:undefined":0,"s:9:2:11:Infinity":1,"s:10:4:10:Infinity":2,"s:14:17:14:Infinity":3,"s:15:13:15:Infinity":4,"s:18:13:18:Infinity":5,"s:19:15:19:Infinity":6,"s:20:2:23:Infinity":7,"s:20:15:20:34":8,"s:21:6:21:Infinity":9,"s:22:6:22:Infinity":10,"b:22:32:22:36:22:36:22:Infinity":1,"s:25:22:25:Infinity":11,"s:26:26:26:Infinity":12,"b:26:48:26:56:26:56:26:Infinity":2,"b:26:78:26:84:26:84:26:Infinity":3,"s:29:2:29:Infinity":13,"f:33:16:33:30":1,"s:34:27:34:Infinity":14,"s:35:2:35:Infinity":15,"f:39:16:39:30":2,"s:41:22:41:Infinity":16,"b:43:2:43:Infinity:undefined:undefined:undefined:undefined":4,"s:43:2:43:Infinity":17,"s:43:30:43:Infinity":18,"s:46:17:46:Infinity":19,"s:47:13:47:Infinity":20,"s:50:25:50:Infinity":21,"s:51:10:51:Infinity":22,"s:52:2:58:Infinity":23,"s:52:15:52:34":24,"s:53:4:53:Infinity":25,"b:54:4:56:Infinity:undefined:undefined:undefined:undefined":5,"s:54:4:56:Infinity":26,"b:54:8:54:23:54:23:54:42":6,"s:55:6:55:Infinity":27,"s:57:4:57:Infinity":28,"s:60:2:60:Infinity":29}}}
}
